tunnel/build/intermediates/manifest_merge_blame_file/debug/manifest-merger-blame-debug-report.txt
1<?xml version="1.0" encoding="utf-8"?>
2<!--
3  ~ Copyright © 2017-2019 WireGuard LLC. All Rights Reserved.
4  ~ SPDX-License-Identifier: Apache-2.0
5-->
6<manifest xmlns:android="http://schemas.android.com/apk/res/android"
7    package="com.wireguard.android.tunnel" >
8
9    <uses-sdk
10        android:minSdkVersion="21"
10-->src/main/AndroidManifest.xml
11        android:targetSdkVersion="30" />
11-->src/main/AndroidManifest.xml
12
13    <application>
13-->src/main/AndroidManifest.xml:9:5-17:19
14        <service
14-->src/main/AndroidManifest.xml:10:9-16:19
15            android:name="com.wireguard.android.backend.GoBackend$VpnService"
15-->src/main/AndroidManifest.xml:11:13-78
16            android:permission="android.permission.BIND_VPN_SERVICE" >
16-->src/main/AndroidManifest.xml:12:13-69
17            <intent-filter>
17-->src/main/AndroidManifest.xml:13:13-15:29
18                <action android:name="android.net.VpnService" />
18-->src/main/AndroidManifest.xml:14:17-65
18-->src/main/AndroidManifest.xml:14:25-62
19            </intent-filter>
20        </service>
21    </application>
22
23</manifest>